<?xml version="1.0" encoding="UTF-8"?>
<testsuite name="com.taobao.weex.demo.ExampleUnitTest" tests="1" skipped="0" failures="0" errors="0" timestamp="2017-03-29T07:10:09" hostname="moxundeMacBook-Pro.local" time="0.0">
  <properties/>
  <testcase name="addition_isCorrect" classname="com.taobao.weex.demo.ExampleUnitTest" time="0.0"/>
  <system-out><![CDATA[]]></system-out>
  <system-err><![CDATA[]]></system-err>
</testsuite>
